Exception information:

           Date: Dec 05, 2015 0:01AM

           Message: SQLSTATE[HY000] [1045] Access denied for user 'root'@'localhost' (using password: YES)

           Code: 1045

           File: /Applications/mampstack-7.0.0RC8-0/apache2/htdocs/smvc3.0/system/Helpers/Database.php

           Line: 61

           Stack trace:

           #0 /Applications/mampstack-7.0.0RC8-0/apache2/htdocs/smvc3.0/system/Helpers/Database.php(61): PDO->__construct('mysql:host=loca...', 'root', '********')
#1 /Applications/mampstack-7.0.0RC8-0/apache2/htdocs/smvc3.0/system/Core/Model.php(33): Helpers\Database::get()
#2 /Applications/mampstack-7.0.0RC8-0/apache2/htdocs/smvc3.0/app/Controllers/Demo.php(19): Core\Model->__construct()
#3 /Applications/mampstack-7.0.0RC8-0/apache2/htdocs/smvc3.0/system/Core/Router.php(161): App\Controllers\Demo->__construct()
#4 /Applications/mampstack-7.0.0RC8-0/apache2/htdocs/smvc3.0/system/Core/Router.php(274): Core\Router::autoDispatch()
#5 /Applications/mampstack-7.0.0RC8-0/apache2/htdocs/smvc3.0/system/Core/routes.php(31): Core\Router::dispatch()
#6 /Applications/mampstack-7.0.0RC8-0/apache2/htdocs/smvc3.0/index.php(77): require('/Applications/m...')
#7 {main}

           ---------

Exception information:

           Date: Dec 04, 2015 23:55PM

           Message: SQLSTATE[HY000] [1045] Access denied for user 'root'@'localhost' (using password: YES)

           Code: 1045

           File: /Applications/mampstack-7.0.0RC8-0/apache2/htdocs/theonecrmcom/system/Helpers/Database.php

           Line: 61

           Stack trace:

           #0 /Applications/mampstack-7.0.0RC8-0/apache2/htdocs/theonecrmcom/system/Helpers/Database.php(61): PDO->__construct('mysql:host=loca...', 'root', '********')
#1 /Applications/mampstack-7.0.0RC8-0/apache2/htdocs/theonecrmcom/system/Core/Model.php(33): Helpers\Database::get()
#2 /Applications/mampstack-7.0.0RC8-0/apache2/htdocs/theonecrmcom/app/Controllers/Demo.php(19): Core\Model->__construct()
#3 /Applications/mampstack-7.0.0RC8-0/apache2/htdocs/theonecrmcom/system/Core/Router.php(161): App\Controllers\Demo->__construct()
#4 /Applications/mampstack-7.0.0RC8-0/apache2/htdocs/theonecrmcom/system/Core/Router.php(274): Core\Router::autoDispatch()
#5 /Applications/mampstack-7.0.0RC8-0/apache2/htdocs/theonecrmcom/system/Core/routes.php(31): Core\Router::dispatch()
#6 /Applications/mampstack-7.0.0RC8-0/apache2/htdocs/theonecrmcom/index.php(77): require('/Applications/m...')
#7 {main}

           ---------

Exception information:

           Date: Dec 04, 2015 23:54PM

           Message: Class '\Controllers\Demo' not found

           Code: 0

           File: /Applications/mampstack-7.0.0RC8-0/apache2/htdocs/theonecrmcom/system/Core/Router.php

           Line: 161

           Stack trace:

           #0 /Applications/mampstack-7.0.0RC8-0/apache2/htdocs/theonecrmcom/system/Core/Router.php(274): Core\Router::autoDispatch()
#1 /Applications/mampstack-7.0.0RC8-0/apache2/htdocs/theonecrmcom/system/Core/routes.php(31): Core\Router::dispatch()
#2 /Applications/mampstack-7.0.0RC8-0/apache2/htdocs/theonecrmcom/index.php(77): require('/Applications/m...')
#3 {main}

           ---------

Exception information:

           Date: Dec 04, 2015 23:54PM

           Message: Class '\Controllers\Demo' not found

           Code: 0

           File: /Applications/mampstack-7.0.0RC8-0/apache2/htdocs/theonecrmcom/system/Core/Router.php

           Line: 161

           Stack trace:

           #0 /Applications/mampstack-7.0.0RC8-0/apache2/htdocs/theonecrmcom/system/Core/Router.php(274): Core\Router::autoDispatch()
#1 /Applications/mampstack-7.0.0RC8-0/apache2/htdocs/theonecrmcom/system/Core/routes.php(31): Core\Router::dispatch()
#2 /Applications/mampstack-7.0.0RC8-0/apache2/htdocs/theonecrmcom/index.php(77): require('/Applications/m...')
#3 {main}

           ---------

Exception information:

           Date: Dec 04, 2015 23:45PM

           Message: Class '\Controllers\Demo' not found

           Code: 0

           File: /Applications/mampstack-7.0.0RC8-0/apache2/htdocs/theonecrmcom/system/Core/Router.php

           Line: 161

           Stack trace:

           #0 /Applications/mampstack-7.0.0RC8-0/apache2/htdocs/theonecrmcom/system/Core/Router.php(274): Core\Router::autoDispatch()
#1 /Applications/mampstack-7.0.0RC8-0/apache2/htdocs/theonecrmcom/system/Core/routes.php(31): Core\Router::dispatch()
#2 /Applications/mampstack-7.0.0RC8-0/apache2/htdocs/theonecrmcom/index.php(77): require('/Applications/m...')
#3 {main}

           ---------

Exception information:

           Date: Dec 04, 2015 23:45PM

           Message: Class '\Controllers\Demo' not found

           Code: 0

           File: /Applications/mampstack-7.0.0RC8-0/apache2/htdocs/theonecrmcom/system/Core/Router.php

           Line: 161

           Stack trace:

           #0 /Applications/mampstack-7.0.0RC8-0/apache2/htdocs/theonecrmcom/system/Core/Router.php(274): Core\Router::autoDispatch()
#1 /Applications/mampstack-7.0.0RC8-0/apache2/htdocs/theonecrmcom/system/Core/routes.php(31): Core\Router::dispatch()
#2 /Applications/mampstack-7.0.0RC8-0/apache2/htdocs/theonecrmcom/index.php(77): require('/Applications/m...')
#3 {main}

           ---------

Exception information:

           Date: Dec 04, 2015 23:43PM

           Message: Class '\Controllers\Demo' not found

           Code: 0

           File: /Applications/mampstack-7.0.0RC8-0/apache2/htdocs/theonecrmcom/system/Core/Router.php

           Line: 161

           Stack trace:

           #0 /Applications/mampstack-7.0.0RC8-0/apache2/htdocs/theonecrmcom/system/Core/Router.php(274): Core\Router::autoDispatch()
#1 /Applications/mampstack-7.0.0RC8-0/apache2/htdocs/theonecrmcom/system/Core/routes.php(31): Core\Router::dispatch()
#2 /Applications/mampstack-7.0.0RC8-0/apache2/htdocs/theonecrmcom/index.php(77): require('/Applications/m...')
#3 {main}

           ---------

Exception information:

           Date: Dec 04, 2015 23:43PM

           Message: Class '\Controllers\Demo' not found

           Code: 0

           File: /Applications/mampstack-7.0.0RC8-0/apache2/htdocs/theonecrmcom/system/Core/Router.php

           Line: 161

           Stack trace:

           #0 /Applications/mampstack-7.0.0RC8-0/apache2/htdocs/theonecrmcom/system/Core/Router.php(274): Core\Router::autoDispatch()
#1 /Applications/mampstack-7.0.0RC8-0/apache2/htdocs/theonecrmcom/system/Core/routes.php(31): Core\Router::dispatch()
#2 /Applications/mampstack-7.0.0RC8-0/apache2/htdocs/theonecrmcom/index.php(77): require('/Applications/m...')
#3 {main}

           ---------

